<?xml version="1.0" encoding="UTF-8"?>
<!-- Generated by org.testng.reporters.JUnitReportReporter -->
<testsuite hostname="WIN-GLF10487UOQ" failures="0" tests="1" name="webapp.TopicServlet.NewTest" time="0.679" errors="0" timestamp="2021-10-05T06:56:03 PDT" skipped="0">
  <testcase classname="webapp.TopicServlet.NewTest" name="checkTitle" time="0.679"/>
  <system-out/>
</testsuite> <!-- webapp.TopicServlet.NewTest -->
